{"/home/ms/Projects/nopa/src/app/client/components/index.js": {"path":"/home/ms/Projects/nopa/src/app/client/components/index.js","statementMap":{},"fnMap":{},"branchMap":{},"s":{},"f":{},"b":{},"_coverageSchema":"332fd63041d2c1bcb487cc26dd0d5f7d97098a6c","hash":"6ddcff2f34e308d96d5d204c7c3b8c64b54321f1"}
,"/home/ms/Projects/nopa/src/app/client/components/BankListItem/BankListItem.js": {"path":"/home/ms/Projects/nopa/src/app/client/components/BankListItem/BankListItem.js","statementMap":{"0":{"start":{"line":6,"column":24},"end":{"line":6,"column":63}},"1":{"start":{"line":8,"column":4},"end":{"line":12,"column":6}},"2":{"start":{"line":16,"column":0},"end":{"line":20,"column":2}}},"fnMap":{"0":{"name":"(anonymous_0)","decl":{"start":{"line":6,"column":18},"end":{"line":6,"column":19}},"loc":{"start":{"line":6,"column":24},"end":{"line":6,"column":63}},"line":6},"1":{"name":"(anonymous_1)","decl":{"start":{"line":7,"column":2},"end":{"line":7,"column":3}},"loc":{"start":{"line":7,"column":11},"end":{"line":13,"column":3}},"line":7}},"branchMap":{},"s":{"0":0,"1":1,"2":6},"f":{"0":0,"1":1},"b":{},"_coverageSchema":"332fd63041d2c1bcb487cc26dd0d5f7d97098a6c","hash":"3d4b887418b7dbc6ec15fc5963fbf8de624c559f"}
,"/home/ms/Projects/nopa/src/app/client/components/Button/Button.js": {"path":"/home/ms/Projects/nopa/src/app/client/components/Button/Button.js","statementMap":{"0":{"start":{"line":6,"column":15},"end":{"line":12,"column":3}},"1":{"start":{"line":7,"column":2},"end":{"line":11,"column":8}},"2":{"start":{"line":14,"column":0},"end":{"line":16,"column":2}}},"fnMap":{"0":{"name":"(anonymous_0)","decl":{"start":{"line":6,"column":15},"end":{"line":6,"column":16}},"loc":{"start":{"line":7,"column":2},"end":{"line":11,"column":8}},"line":7}},"branchMap":{},"s":{"0":5,"1":0,"2":5},"f":{"0":0},"b":{},"_coverageSchema":"332fd63041d2c1bcb487cc26dd0d5f7d97098a6c","hash":"af8c7d9e534040a1b74e18eeba21abd9b40e9616"}
,"/home/ms/Projects/nopa/src/app/client/components/Footer/Footer.js": {"path":"/home/ms/Projects/nopa/src/app/client/components/Footer/Footer.js","statementMap":{"0":{"start":{"line":4,"column":15},"end":{"line":23,"column":3}},"1":{"start":{"line":5,"column":2},"end":{"line":22,"column":11}}},"fnMap":{"0":{"name":"(anonymous_0)","decl":{"start":{"line":4,"column":15},"end":{"line":4,"column":16}},"loc":{"start":{"line":5,"column":2},"end":{"line":22,"column":11}},"line":5}},"branchMap":{},"s":{"0":5,"1":0},"f":{"0":0},"b":{},"_coverageSchema":"332fd63041d2c1bcb487cc26dd0d5f7d97098a6c","hash":"9702b3c39ea2d6669f46b75318abaa093cc4df37"}
,"/home/ms/Projects/nopa/src/app/client/components/Header/Header.js": {"path":"/home/ms/Projects/nopa/src/app/client/components/Header/Header.js","statementMap":{"0":{"start":{"line":12,"column":15},"end":{"line":32,"column":1}},"1":{"start":{"line":13,"column":21},"end":{"line":22,"column":3}},"2":{"start":{"line":24,"column":2},"end":{"line":31,"column":4}},"3":{"start":{"line":34,"column":0},"end":{"line":38,"column":2}},"4":{"start":{"line":40,"column":0},"end":{"line":42,"column":2}},"5":{"start":{"line":45,"column":23},"end":{"line":45,"column":33}},"6":{"start":{"line":46,"column":2},"end":{"line":48,"column":4}},"7":{"start":{"line":52,"column":2},"end":{"line":55,"column":4}}},"fnMap":{"0":{"name":"(anonymous_0)","decl":{"start":{"line":12,"column":15},"end":{"line":12,"column":16}},"loc":{"start":{"line":12,"column":60},"end":{"line":32,"column":1}},"line":12},"1":{"name":"mapStateToProps","decl":{"start":{"line":44,"column":9},"end":{"line":44,"column":24}},"loc":{"start":{"line":44,"column":32},"end":{"line":49,"column":1}},"line":44},"2":{"name":"mapDispatchToProps","decl":{"start":{"line":51,"column":9},"end":{"line":51,"column":27}},"loc":{"start":{"line":51,"column":38},"end":{"line":56,"column":1}},"line":51}},"branchMap":{"0":{"loc":{"start":{"line":13,"column":21},"end":{"line":22,"column":3}},"type":"cond-expr","locations":[{"start":{"line":14,"column":4},"end":{"line":17,"column":10}},{"start":{"line":19,"column":4},"end":{"line":21,"column":10}}],"line":13}},"s":{"0":5,"1":0,"2":0,"3":5,"4":5,"5":0,"6":0,"7":0},"f":{"0":0,"1":0,"2":0},"b":{"0":[0,0]},"_coverageSchema":"332fd63041d2c1bcb487cc26dd0d5f7d97098a6c","hash":"a38a90afe3e4b9ff4efe9b5d5e539e1d17e957e0"}
,"/home/ms/Projects/nopa/src/app/client/components/Layout/Layout.js": {"path":"/home/ms/Projects/nopa/src/app/client/components/Layout/Layout.js","statementMap":{"0":{"start":{"line":10,"column":4},"end":{"line":10,"column":38}},"1":{"start":{"line":14,"column":4},"end":{"line":23,"column":6}},"2":{"start":{"line":27,"column":0},"end":{"line":33,"column":2}},"3":{"start":{"line":35,"column":0},"end":{"line":37,"column":2}}},"fnMap":{"0":{"name":"(anonymous_0)","decl":{"start":{"line":9,"column":2},"end":{"line":9,"column":3}},"loc":{"start":{"line":9,"column":22},"end":{"line":11,"column":3}},"line":9},"1":{"name":"(anonymous_1)","decl":{"start":{"line":13,"column":2},"end":{"line":13,"column":3}},"loc":{"start":{"line":13,"column":11},"end":{"line":24,"column":3}},"line":13}},"branchMap":{},"s":{"0":0,"1":0,"2":5,"3":5},"f":{"0":0,"1":0},"b":{},"_coverageSchema":"332fd63041d2c1bcb487cc26dd0d5f7d97098a6c","hash":"b56d098b466d33cedea7fc9ae41a142645aff18b"}
,"/home/ms/Projects/nopa/src/app/client/components/LoginForm/LoginForm.js": {"path":"/home/ms/Projects/nopa/src/app/client/components/LoginForm/LoginForm.js","statementMap":{"0":{"start":{"line":7,"column":18},"end":{"line":61,"column":3}},"1":{"start":{"line":18,"column":4},"end":{"line":60,"column":10}},"2":{"start":{"line":59,"column":29},"end":{"line":59,"column":47}},"3":{"start":{"line":63,"column":0},"end":{"line":72,"column":2}},"4":{"start":{"line":74,"column":0},"end":{"line":77,"column":2}}},"fnMap":{"0":{"name":"(anonymous_0)","decl":{"start":{"line":7,"column":18},"end":{"line":7,"column":19}},"loc":{"start":{"line":18,"column":4},"end":{"line":60,"column":10}},"line":18},"1":{"name":"(anonymous_1)","decl":{"start":{"line":59,"column":23},"end":{"line":59,"column":24}},"loc":{"start":{"line":59,"column":29},"end":{"line":59,"column":47}},"line":59},"2":{"name":"(anonymous_2)","decl":{"start":{"line":76,"column":9},"end":{"line":76,"column":10}},"loc":{"start":{"line":76,"column":15},"end":{"line":76,"column":17}},"line":76}},"branchMap":{"0":{"loc":{"start":{"line":13,"column":2},"end":{"line":13,"column":13}},"type":"default-arg","locations":[{"start":{"line":13,"column":11},"end":{"line":13,"column":13}}],"line":13},"1":{"loc":{"start":{"line":22,"column":19},"end":{"line":22,"column":57}},"type":"cond-expr","locations":[{"start":{"line":22,"column":45},"end":{"line":22,"column":47}},{"start":{"line":22,"column":50},"end":{"line":22,"column":57}}],"line":22},"2":{"loc":{"start":{"line":30,"column":19},"end":{"line":30,"column":58}},"type":"cond-expr","locations":[{"start":{"line":30,"column":46},"end":{"line":30,"column":48}},{"start":{"line":30,"column":51},"end":{"line":30,"column":58}}],"line":30},"3":{"loc":{"start":{"line":38,"column":19},"end":{"line":38,"column":63}},"type":"cond-expr","locations":[{"start":{"line":38,"column":51},"end":{"line":38,"column":53}},{"start":{"line":38,"column":56},"end":{"line":38,"column":63}}],"line":38},"4":{"loc":{"start":{"line":46,"column":19},"end":{"line":46,"column":58}},"type":"cond-expr","locations":[{"start":{"line":46,"column":46},"end":{"line":46,"column":48}},{"start":{"line":46,"column":51},"end":{"line":46,"column":58}}],"line":46},"5":{"loc":{"start":{"line":54,"column":19},"end":{"line":54,"column":63}},"type":"cond-expr","locations":[{"start":{"line":54,"column":51},"end":{"line":54,"column":53}},{"start":{"line":54,"column":56},"end":{"line":54,"column":63}}],"line":54}},"s":{"0":5,"1":0,"2":0,"3":5,"4":5},"f":{"0":0,"1":0,"2":0},"b":{"0":[0],"1":[0,0],"2":[0,0],"3":[0,0],"4":[0,0],"5":[0,0]},"_coverageSchema":"332fd63041d2c1bcb487cc26dd0d5f7d97098a6c","hash":"4981db550c7b931323ef8265fc27259a20d6023a"}
,"/home/ms/Projects/nopa/src/app/client/components/Partners/Partners.js": {"path":"/home/ms/Projects/nopa/src/app/client/components/Partners/Partners.js","statementMap":{"0":{"start":{"line":4,"column":17},"end":{"line":20,"column":1}},"1":{"start":{"line":22,"column":21},"end":{"line":24,"column":1}},"2":{"start":{"line":23,"column":2},"end":{"line":23,"column":94}},"3":{"start":{"line":26,"column":17},"end":{"line":35,"column":3}},"4":{"start":{"line":27,"column":2},"end":{"line":34,"column":12}}},"fnMap":{"0":{"name":"(anonymous_0)","decl":{"start":{"line":22,"column":34},"end":{"line":22,"column":35}},"loc":{"start":{"line":23,"column":2},"end":{"line":23,"column":94}},"line":23},"1":{"name":"(anonymous_1)","decl":{"start":{"line":26,"column":17},"end":{"line":26,"column":18}},"loc":{"start":{"line":27,"column":2},"end":{"line":34,"column":12}},"line":27}},"branchMap":{},"s":{"0":5,"1":5,"2":20,"3":5,"4":0},"f":{"0":20,"1":0},"b":{},"_coverageSchema":"332fd63041d2c1bcb487cc26dd0d5f7d97098a6c","hash":"ea8bcc10d1345a51f8700f8eca2bea6576de95c4"}
,"/home/ms/Projects/nopa/src/app/client/components/Statement/AccDetails.js": {"path":"/home/ms/Projects/nopa/src/app/client/components/Statement/AccDetails.js","statementMap":{"0":{"start":{"line":5,"column":19},"end":{"line":10,"column":8}},"1":{"start":{"line":6,"column":2},"end":{"line":10,"column":8}},"2":{"start":{"line":12,"column":0},"end":{"line":17,"column":2}},"3":{"start":{"line":19,"column":0},"end":{"line":23,"column":2}}},"fnMap":{"0":{"name":"(anonymous_0)","decl":{"start":{"line":5,"column":19},"end":{"line":5,"column":20}},"loc":{"start":{"line":6,"column":2},"end":{"line":10,"column":8}},"line":6}},"branchMap":{},"s":{"0":5,"1":0,"2":5,"3":5},"f":{"0":0},"b":{},"_coverageSchema":"332fd63041d2c1bcb487cc26dd0d5f7d97098a6c","hash":"77a971cc0901f15d5c11f5fa6365a1bff3c46e4e"}
,"/home/ms/Projects/nopa/src/app/client/components/Statement/ListRow.js": {"path":"/home/ms/Projects/nopa/src/app/client/components/Statement/ListRow.js","statementMap":{"0":{"start":{"line":5,"column":16},"end":{"line":8,"column":8}},"1":{"start":{"line":6,"column":2},"end":{"line":8,"column":8}},"2":{"start":{"line":11,"column":0},"end":{"line":13,"column":2}}},"fnMap":{"0":{"name":"(anonymous_0)","decl":{"start":{"line":5,"column":16},"end":{"line":5,"column":17}},"loc":{"start":{"line":6,"column":2},"end":{"line":8,"column":8}},"line":6}},"branchMap":{},"s":{"0":5,"1":0,"2":5},"f":{"0":0},"b":{},"_coverageSchema":"332fd63041d2c1bcb487cc26dd0d5f7d97098a6c","hash":"36246cc4ead81887cc92cf589cb74dff3bd90312"}
,"/home/ms/Projects/nopa/src/app/client/components/Statement/ListView.js": {"path":"/home/ms/Projects/nopa/src/app/client/components/Statement/ListView.js","statementMap":{"0":{"start":{"line":14,"column":4},"end":{"line":16,"column":5}},"1":{"start":{"line":15,"column":6},"end":{"line":15,"column":74}},"2":{"start":{"line":17,"column":4},"end":{"line":17,"column":16}},"3":{"start":{"line":20,"column":4},"end":{"line":22,"column":9}},"4":{"start":{"line":25,"column":4},"end":{"line":29,"column":6}},"5":{"start":{"line":33,"column":0},"end":{"line":38,"column":2}},"6":{"start":{"line":40,"column":0},"end":{"line":43,"column":2}}},"fnMap":{"0":{"name":"(anonymous_0)","decl":{"start":{"line":10,"column":2},"end":{"line":10,"column":3}},"loc":{"start":{"line":10,"column":31},"end":{"line":18,"column":3}},"line":10},"1":{"name":"(anonymous_1)","decl":{"start":{"line":19,"column":18},"end":{"line":19,"column":19}},"loc":{"start":{"line":20,"column":4},"end":{"line":22,"column":9}},"line":20},"2":{"name":"(anonymous_2)","decl":{"start":{"line":24,"column":2},"end":{"line":24,"column":3}},"loc":{"start":{"line":24,"column":11},"end":{"line":30,"column":3}},"line":24}},"branchMap":{"0":{"loc":{"start":{"line":14,"column":4},"end":{"line":16,"column":5}},"type":"if","locations":[{"start":{"line":14,"column":4},"end":{"line":16,"column":5}},{"start":{"line":14,"column":4},"end":{"line":16,"column":5}}],"line":14}},"s":{"0":0,"1":0,"2":0,"3":0,"4":0,"5":5,"6":5},"f":{"0":0,"1":0,"2":0},"b":{"0":[0,0]},"_coverageSchema":"332fd63041d2c1bcb487cc26dd0d5f7d97098a6c","hash":"24fd1c68e26b7610897da6af5e93056b4bff0811"}
,"/home/ms/Projects/nopa/src/app/client/components/TextInput/TextInput.js": {"path":"/home/ms/Projects/nopa/src/app/client/components/TextInput/TextInput.js","statementMap":{"0":{"start":{"line":9,"column":2},"end":{"line":9,"column":96}},"1":{"start":{"line":9,"column":15},"end":{"line":9,"column":96}},"2":{"start":{"line":11,"column":18},"end":{"line":24,"column":3}},"3":{"start":{"line":12,"column":2},"end":{"line":23,"column":8}},"4":{"start":{"line":26,"column":0},"end":{"line":31,"column":2}},"5":{"start":{"line":33,"column":0},"end":{"line":35,"column":2}}},"fnMap":{"0":{"name":"(anonymous_0)","decl":{"start":{"line":9,"column":2},"end":{"line":9,"column":3}},"loc":{"start":{"line":9,"column":15},"end":{"line":9,"column":96}},"line":9},"1":{"name":"(anonymous_1)","decl":{"start":{"line":11,"column":18},"end":{"line":11,"column":19}},"loc":{"start":{"line":12,"column":2},"end":{"line":23,"column":8}},"line":12}},"branchMap":{"0":{"loc":{"start":{"line":9,"column":15},"end":{"line":9,"column":96}},"type":"cond-expr","locations":[{"start":{"line":9,"column":36},"end":{"line":9,"column":40}},{"start":{"line":9,"column":43},"end":{"line":9,"column":96}}],"line":9},"1":{"loc":{"start":{"line":18,"column":17},"end":{"line":18,"column":53}},"type":"cond-expr","locations":[{"start":{"line":18,"column":41},"end":{"line":18,"column":43}},{"start":{"line":18,"column":46},"end":{"line":18,"column":53}}],"line":18}},"s":{"0":5,"1":0,"2":5,"3":0,"4":5,"5":5},"f":{"0":0,"1":0},"b":{"0":[0,0],"1":[0,0]},"_coverageSchema":"332fd63041d2c1bcb487cc26dd0d5f7d97098a6c","hash":"c50420babd13032e514ec6313a85b1acc385cdcd"}
,"/home/ms/Projects/nopa/src/app/client/constants/paths.js": {"path":"/home/ms/Projects/nopa/src/app/client/constants/paths.js","statementMap":{"0":{"start":{"line":1,"column":20},"end":{"line":1,"column":23}},"1":{"start":{"line":2,"column":26},"end":{"line":2,"column":34}},"2":{"start":{"line":3,"column":27},"end":{"line":3,"column":41}},"3":{"start":{"line":4,"column":25},"end":{"line":4,"column":37}}},"fnMap":{},"branchMap":{},"s":{"0":5,"1":5,"2":5,"3":5},"f":{},"b":{},"_coverageSchema":"332fd63041d2c1bcb487cc26dd0d5f7d97098a6c","hash":"c69512291c29f9921af4fd36e937fefeb46d9f72"}
,"/home/ms/Projects/nopa/src/app/client/containers/ChooseBank/ChooseBankPage.js": {"path":"/home/ms/Projects/nopa/src/app/client/containers/ChooseBank/ChooseBankPage.js","statementMap":{"0":{"start":{"line":13,"column":17},"end":{"line":37,"column":1}},"1":{"start":{"line":41,"column":4},"end":{"line":46,"column":6}},"2":{"start":{"line":49,"column":4},"end":{"line":63,"column":6}},"3":{"start":{"line":67,"column":0},"end":{"line":69,"column":2}},"4":{"start":{"line":71,"column":0},"end":{"line":73,"column":2}}},"fnMap":{"0":{"name":"(anonymous_0)","decl":{"start":{"line":40,"column":23},"end":{"line":40,"column":24}},"loc":{"start":{"line":41,"column":4},"end":{"line":46,"column":6}},"line":41},"1":{"name":"(anonymous_1)","decl":{"start":{"line":48,"column":2},"end":{"line":48,"column":3}},"loc":{"start":{"line":48,"column":11},"end":{"line":64,"column":3}},"line":48},"2":{"name":"(anonymous_2)","decl":{"start":{"line":72,"column":20},"end":{"line":72,"column":21}},"loc":{"start":{"line":72,"column":26},"end":{"line":72,"column":28}},"line":72}},"branchMap":{},"s":{"0":1,"1":6,"2":1,"3":1,"4":1},"f":{"0":6,"1":1,"2":0},"b":{},"_coverageSchema":"332fd63041d2c1bcb487cc26dd0d5f7d97098a6c","hash":"dabe843334d2b75574c66e395202b47dde9d0694"}
,"/home/ms/Projects/nopa/src/app/client/containers/Error/ErrorPage.js": {"path":"/home/ms/Projects/nopa/src/app/client/containers/Error/ErrorPage.js","statementMap":{"0":{"start":{"line":5,"column":15},"end":{"line":14,"column":1}},"1":{"start":{"line":19,"column":4},"end":{"line":19,"column":17}},"2":{"start":{"line":20,"column":4},"end":{"line":20,"column":49}},"3":{"start":{"line":24,"column":18},"end":{"line":24,"column":93}},"4":{"start":{"line":25,"column":4},"end":{"line":30,"column":6}},"5":{"start":{"line":34,"column":4},"end":{"line":38,"column":6}},"6":{"start":{"line":42,"column":0},"end":{"line":44,"column":2}}},"fnMap":{"0":{"name":"(anonymous_0)","decl":{"start":{"line":18,"column":2},"end":{"line":18,"column":3}},"loc":{"start":{"line":18,"column":21},"end":{"line":21,"column":3}},"line":18},"1":{"name":"(anonymous_1)","decl":{"start":{"line":23,"column":2},"end":{"line":23,"column":3}},"loc":{"start":{"line":23,"column":22},"end":{"line":31,"column":3}},"line":23},"2":{"name":"(anonymous_2)","decl":{"start":{"line":33,"column":2},"end":{"line":33,"column":3}},"loc":{"start":{"line":33,"column":11},"end":{"line":39,"column":3}},"line":33}},"branchMap":{"0":{"loc":{"start":{"line":24,"column":18},"end":{"line":24,"column":93}},"type":"cond-expr","locations":[{"start":{"line":24,"column":62},"end":{"line":24,"column":77}},{"start":{"line":24,"column":80},"end":{"line":24,"column":93}}],"line":24}},"s":{"0":1,"1":1,"2":1,"3":1,"4":1,"5":1,"6":1},"f":{"0":1,"1":1,"2":1},"b":{"0":[1,0]},"_coverageSchema":"332fd63041d2c1bcb487cc26dd0d5f7d97098a6c","hash":"728f8b37e159be267aa26e50ba169d0dd1e30603"}
,"/home/ms/Projects/nopa/src/app/client/containers/Home/HomePage.js": {"path":"/home/ms/Projects/nopa/src/app/client/containers/Home/HomePage.js","statementMap":{"0":{"start":{"line":8,"column":17},"end":{"line":44,"column":11}},"1":{"start":{"line":9,"column":2},"end":{"line":44,"column":11}},"2":{"start":{"line":48,"column":0},"end":{"line":50,"column":2}},"3":{"start":{"line":52,"column":0},"end":{"line":54,"column":2}}},"fnMap":{"0":{"name":"(anonymous_0)","decl":{"start":{"line":8,"column":17},"end":{"line":8,"column":18}},"loc":{"start":{"line":9,"column":2},"end":{"line":44,"column":11}},"line":9},"1":{"name":"(anonymous_1)","decl":{"start":{"line":53,"column":26},"end":{"line":53,"column":27}},"loc":{"start":{"line":53,"column":32},"end":{"line":53,"column":34}},"line":53}},"branchMap":{},"s":{"0":1,"1":1,"2":1,"3":1},"f":{"0":1,"1":0},"b":{},"_coverageSchema":"332fd63041d2c1bcb487cc26dd0d5f7d97098a6c","hash":"36de85f02c70fa7d49690bfd5b4d06c30eb12b09"}
,"/home/ms/Projects/nopa/src/app/client/containers/Login/LoginPage.js": {"path":"/home/ms/Projects/nopa/src/app/client/containers/Login/LoginPage.js","statementMap":{"0":{"start":{"line":9,"column":19},"end":{"line":9,"column":43}},"1":{"start":{"line":9,"column":24},"end":{"line":9,"column":43}},"2":{"start":{"line":10,"column":25},"end":{"line":10,"column":45}},"3":{"start":{"line":10,"column":30},"end":{"line":10,"column":45}},"4":{"start":{"line":11,"column":22},"end":{"line":11,"column":50}},"5":{"start":{"line":11,"column":41},"end":{"line":11,"column":48}},"6":{"start":{"line":12,"column":28},"end":{"line":12,"column":78}},"7":{"start":{"line":12,"column":35},"end":{"line":12,"column":78}},"8":{"start":{"line":14,"column":29},"end":{"line":22,"column":1}},"9":{"start":{"line":24,"column":19},"end":{"line":24,"column":45}},"10":{"start":{"line":24,"column":34},"end":{"line":24,"column":36}},"11":{"start":{"line":24,"column":43},"end":{"line":24,"column":44}},"12":{"start":{"line":25,"column":19},"end":{"line":34,"column":12}},"13":{"start":{"line":29,"column":8},"end":{"line":29,"column":46}},"14":{"start":{"line":31,"column":8},"end":{"line":31,"column":73}},"15":{"start":{"line":38,"column":4},"end":{"line":38,"column":17}},"16":{"start":{"line":39,"column":4},"end":{"line":46,"column":10}},"17":{"start":{"line":50,"column":4},"end":{"line":62,"column":6}},"18":{"start":{"line":66,"column":0},"end":{"line":68,"column":2}},"19":{"start":{"line":70,"column":0},"end":{"line":72,"column":2}}},"fnMap":{"0":{"name":"(anonymous_0)","decl":{"start":{"line":9,"column":19},"end":{"line":9,"column":20}},"loc":{"start":{"line":9,"column":24},"end":{"line":9,"column":43}},"line":9},"1":{"name":"(anonymous_1)","decl":{"start":{"line":10,"column":25},"end":{"line":10,"column":26}},"loc":{"start":{"line":10,"column":30},"end":{"line":10,"column":45}},"line":10},"2":{"name":"(anonymous_2)","decl":{"start":{"line":11,"column":28},"end":{"line":11,"column":29}},"loc":{"start":{"line":11,"column":41},"end":{"line":11,"column":48}},"line":11},"3":{"name":"(anonymous_3)","decl":{"start":{"line":12,"column":28},"end":{"line":12,"column":29}},"loc":{"start":{"line":12,"column":35},"end":{"line":12,"column":78}},"line":12},"4":{"name":"(anonymous_4)","decl":{"start":{"line":24,"column":28},"end":{"line":24,"column":29}},"loc":{"start":{"line":24,"column":34},"end":{"line":24,"column":36}},"line":24},"5":{"name":"(anonymous_5)","decl":{"start":{"line":24,"column":38},"end":{"line":24,"column":39}},"loc":{"start":{"line":24,"column":43},"end":{"line":24,"column":44}},"line":24},"6":{"name":"(anonymous_6)","decl":{"start":{"line":28,"column":11},"end":{"line":28,"column":12}},"loc":{"start":{"line":29,"column":8},"end":{"line":29,"column":46}},"line":29},"7":{"name":"(anonymous_7)","decl":{"start":{"line":30,"column":13},"end":{"line":30,"column":14}},"loc":{"start":{"line":31,"column":8},"end":{"line":31,"column":73}},"line":31},"8":{"name":"(anonymous_8)","decl":{"start":{"line":37,"column":2},"end":{"line":37,"column":3}},"loc":{"start":{"line":37,"column":21},"end":{"line":47,"column":3}},"line":37},"9":{"name":"(anonymous_9)","decl":{"start":{"line":49,"column":2},"end":{"line":49,"column":3}},"loc":{"start":{"line":49,"column":11},"end":{"line":63,"column":3}},"line":49},"10":{"name":"(anonymous_10)","decl":{"start":{"line":71,"column":15},"end":{"line":71,"column":16}},"loc":{"start":{"line":71,"column":21},"end":{"line":71,"column":23}},"line":71}},"branchMap":{},"s":{"0":1,"1":0,"2":1,"3":0,"4":1,"5":0,"6":1,"7":1,"8":1,"9":1,"10":0,"11":0,"12":1,"13":0,"14":0,"15":1,"16":1,"17":1,"18":1,"19":1},"f":{"0":0,"1":0,"2":0,"3":1,"4":0,"5":0,"6":0,"7":0,"8":1,"9":1,"10":0},"b":{},"_coverageSchema":"332fd63041d2c1bcb487cc26dd0d5f7d97098a6c","hash":"a83dc2bc76c920e4526366a7588bdb0cd62f245b"}
,"/home/ms/Projects/nopa/src/app/client/containers/Login/Revalidation.js": {"path":"/home/ms/Projects/nopa/src/app/client/containers/Login/Revalidation.js","statementMap":{"0":{"start":{"line":8,"column":21},"end":{"line":16,"column":1}},"1":{"start":{"line":9,"column":17},"end":{"line":9,"column":25}},"2":{"start":{"line":10,"column":15},"end":{"line":10,"column":26}},"3":{"start":{"line":11,"column":16},"end":{"line":13,"column":18}},"4":{"start":{"line":15,"column":2},"end":{"line":15,"column":25}},"5":{"start":{"line":18,"column":21},"end":{"line":80,"column":1}},"6":{"start":{"line":21,"column":50},"end":{"line":35,"column":3}},"7":{"start":{"line":23,"column":30},"end":{"line":23,"column":45}},"8":{"start":{"line":24,"column":6},"end":{"line":24,"column":54}},"9":{"start":{"line":27,"column":30},"end":{"line":27,"column":45}},"10":{"start":{"line":28,"column":6},"end":{"line":28,"column":65}},"11":{"start":{"line":31,"column":30},"end":{"line":31,"column":45}},"12":{"start":{"line":32,"column":6},"end":{"line":32,"column":56}},"13":{"start":{"line":34,"column":29},"end":{"line":34,"column":74}},"14":{"start":{"line":37,"column":36},"end":{"line":37,"column":79}},"15":{"start":{"line":38,"column":52},"end":{"line":38,"column":105}},"16":{"start":{"line":40,"column":24},"end":{"line":40,"column":65}},"17":{"start":{"line":41,"column":6},"end":{"line":41,"column":71}},"18":{"start":{"line":43,"column":48},"end":{"line":50,"column":5}},"19":{"start":{"line":46,"column":8},"end":{"line":48,"column":9}},"20":{"start":{"line":47,"column":10},"end":{"line":47,"column":29}},"21":{"start":{"line":52,"column":6},"end":{"line":80,"column":1}},"22":{"start":{"line":55,"column":6},"end":{"line":55,"column":19}},"23":{"start":{"line":56,"column":6},"end":{"line":56,"column":82}},"24":{"start":{"line":57,"column":6},"end":{"line":57,"column":105}},"25":{"start":{"line":57,"column":30},"end":{"line":57,"column":94}},"26":{"start":{"line":57,"column":43},"end":{"line":57,"column":94}},"27":{"start":{"line":58,"column":6},"end":{"line":58,"column":53}},"28":{"start":{"line":62,"column":47},"end":{"line":62,"column":55}},"29":{"start":{"line":63,"column":6},"end":{"line":63,"column":59}},"30":{"start":{"line":63,"column":38},"end":{"line":63,"column":57}},"31":{"start":{"line":67,"column":33},"end":{"line":67,"column":43}},"32":{"start":{"line":68,"column":25},"end":{"line":68,"column":75}},"33":{"start":{"line":69,"column":6},"end":{"line":74,"column":9}},"34":{"start":{"line":78,"column":2},"end":{"line":78,"column":116}},"35":{"start":{"line":79,"column":2},"end":{"line":79,"column":67}}},"fnMap":{"0":{"name":"(anonymous_0)","decl":{"start":{"line":8,"column":21},"end":{"line":8,"column":22}},"loc":{"start":{"line":8,"column":28},"end":{"line":16,"column":1}},"line":8},"1":{"name":"(anonymous_1)","decl":{"start":{"line":18,"column":21},"end":{"line":18,"column":22}},"loc":{"start":{"line":52,"column":6},"end":{"line":80,"column":1}},"line":52},"2":{"name":"(anonymous_2)","decl":{"start":{"line":21,"column":23},"end":{"line":21,"column":24}},"loc":{"start":{"line":21,"column":50},"end":{"line":35,"column":3}},"line":21},"3":{"name":"(anonymous_3)","decl":{"start":{"line":22,"column":14},"end":{"line":22,"column":15}},"loc":{"start":{"line":22,"column":21},"end":{"line":25,"column":5}},"line":22},"4":{"name":"(anonymous_4)","decl":{"start":{"line":26,"column":23},"end":{"line":26,"column":24}},"loc":{"start":{"line":26,"column":30},"end":{"line":29,"column":5}},"line":26},"5":{"name":"(anonymous_5)","decl":{"start":{"line":30,"column":14},"end":{"line":30,"column":15}},"loc":{"start":{"line":30,"column":21},"end":{"line":33,"column":5}},"line":30},"6":{"name":"(anonymous_6)","decl":{"start":{"line":34,"column":14},"end":{"line":34,"column":15}},"loc":{"start":{"line":34,"column":29},"end":{"line":34,"column":74}},"line":34},"7":{"name":"(anonymous_7)","decl":{"start":{"line":37,"column":12},"end":{"line":37,"column":13}},"loc":{"start":{"line":37,"column":36},"end":{"line":37,"column":79}},"line":37},"8":{"name":"(anonymous_8)","decl":{"start":{"line":38,"column":14},"end":{"line":38,"column":15}},"loc":{"start":{"line":38,"column":52},"end":{"line":38,"column":105}},"line":38},"9":{"name":"(anonymous_9)","decl":{"start":{"line":39,"column":23},"end":{"line":39,"column":24}},"loc":{"start":{"line":39,"column":47},"end":{"line":42,"column":5}},"line":39},"10":{"name":"(anonymous_10)","decl":{"start":{"line":43,"column":17},"end":{"line":43,"column":18}},"loc":{"start":{"line":43,"column":48},"end":{"line":50,"column":5}},"line":43},"11":{"name":"(anonymous_11)","decl":{"start":{"line":45,"column":6},"end":{"line":45,"column":7}},"loc":{"start":{"line":45,"column":17},"end":{"line":49,"column":7}},"line":45},"12":{"name":"(anonymous_12)","decl":{"start":{"line":52,"column":6},"end":{"line":52,"column":7}},"loc":{"start":{"line":52,"column":21},"end":{"line":80,"column":1}},"line":52},"13":{"name":"(anonymous_13)","decl":{"start":{"line":54,"column":4},"end":{"line":54,"column":5}},"loc":{"start":{"line":54,"column":23},"end":{"line":59,"column":5}},"line":54},"14":{"name":"(anonymous_14)","decl":{"start":{"line":57,"column":25},"end":{"line":57,"column":26}},"loc":{"start":{"line":57,"column":30},"end":{"line":57,"column":94}},"line":57},"15":{"name":"(anonymous_15)","decl":{"start":{"line":57,"column":30},"end":{"line":57,"column":31}},"loc":{"start":{"line":57,"column":43},"end":{"line":57,"column":94}},"line":57},"16":{"name":"(anonymous_16)","decl":{"start":{"line":61,"column":4},"end":{"line":61,"column":5}},"loc":{"start":{"line":61,"column":26},"end":{"line":64,"column":5}},"line":61},"17":{"name":"(anonymous_17)","decl":{"start":{"line":62,"column":35},"end":{"line":62,"column":36}},"loc":{"start":{"line":62,"column":41},"end":{"line":62,"column":43}},"line":62},"18":{"name":"(anonymous_18)","decl":{"start":{"line":63,"column":32},"end":{"line":63,"column":33}},"loc":{"start":{"line":63,"column":38},"end":{"line":63,"column":57}},"line":63},"19":{"name":"(anonymous_19)","decl":{"start":{"line":66,"column":4},"end":{"line":66,"column":5}},"loc":{"start":{"line":66,"column":13},"end":{"line":75,"column":5}},"line":66}},"branchMap":{"0":{"loc":{"start":{"line":11,"column":16},"end":{"line":13,"column":18}},"type":"cond-expr","locations":[{"start":{"line":12,"column":6},"end":{"line":12,"column":20}},{"start":{"line":13,"column":6},"end":{"line":13,"column":18}}],"line":11},"1":{"loc":{"start":{"line":20,"column":2},"end":{"line":20,"column":28}},"type":"default-arg","locations":[{"start":{"line":20,"column":20},"end":{"line":20,"column":28}}],"line":20},"2":{"loc":{"start":{"line":21,"column":2},"end":{"line":35,"column":4}},"type":"default-arg","locations":[{"start":{"line":21,"column":23},"end":{"line":35,"column":4}}],"line":21},"3":{"loc":{"start":{"line":36,"column":2},"end":{"line":51,"column":3}},"type":"default-arg","locations":[{"start":{"line":36,"column":12},"end":{"line":51,"column":3}}],"line":36},"4":{"loc":{"start":{"line":46,"column":8},"end":{"line":48,"column":9}},"type":"if","locations":[{"start":{"line":46,"column":8},"end":{"line":48,"column":9}},{"start":{"line":46,"column":8},"end":{"line":48,"column":9}}],"line":46},"5":{"loc":{"start":{"line":62,"column":25},"end":{"line":62,"column":43}},"type":"default-arg","locations":[{"start":{"line":62,"column":35},"end":{"line":62,"column":43}}],"line":62},"6":{"loc":{"start":{"line":78,"column":58},"end":{"line":78,"column":112}},"type":"binary-expr","locations":[{"start":{"line":78,"column":58},"end":{"line":78,"column":79}},{"start":{"line":78,"column":83},"end":{"line":78,"column":97}},{"start":{"line":78,"column":101},"end":{"line":78,"column":112}}],"line":78}},"s":{"0":5,"1":0,"2":0,"3":0,"4":0,"5":5,"6":0,"7":0,"8":0,"9":0,"10":0,"11":0,"12":0,"13":0,"14":0,"15":0,"16":0,"17":0,"18":0,"19":0,"20":0,"21":1,"22":0,"23":0,"24":0,"25":0,"26":0,"27":0,"28":0,"29":0,"30":0,"31":0,"32":0,"33":0,"34":1,"35":1},"f":{"0":0,"1":1,"2":0,"3":0,"4":0,"5":0,"6":0,"7":0,"8":0,"9":0,"10":0,"11":0,"12":1,"13":0,"14":0,"15":0,"16":0,"17":0,"18":0,"19":0},"b":{"0":[0,0],"1":[1],"2":[1],"3":[1],"4":[0,0],"5":[0],"6":[1,1,0]},"_coverageSchema":"332fd63041d2c1bcb487cc26dd0d5f7d97098a6c","hash":"de3593ccbfc5c94f8eaebd718e15fd39f4311a3e"}
,"/home/ms/Projects/nopa/src/app/client/containers/Login/isValid.js": {"path":"/home/ms/Projects/nopa/src/app/client/containers/Login/isValid.js","statementMap":{"0":{"start":{"line":10,"column":17},"end":{"line":10,"column":74}},"1":{"start":{"line":10,"column":23},"end":{"line":10,"column":73}},"2":{"start":{"line":19,"column":12},"end":{"line":26,"column":3}},"3":{"start":{"line":19,"column":24},"end":{"line":24,"column":39}},"4":{"start":{"line":28,"column":2},"end":{"line":28,"column":20}}},"fnMap":{"0":{"name":"(anonymous_0)","decl":{"start":{"line":10,"column":17},"end":{"line":10,"column":18}},"loc":{"start":{"line":10,"column":23},"end":{"line":10,"column":73}},"line":10},"1":{"name":"isValid","decl":{"start":{"line":18,"column":24},"end":{"line":18,"column":31}},"loc":{"start":{"line":18,"column":42},"end":{"line":29,"column":1}},"line":18},"2":{"name":"(anonymous_2)","decl":{"start":{"line":19,"column":19},"end":{"line":19,"column":20}},"loc":{"start":{"line":19,"column":24},"end":{"line":24,"column":39}},"line":19}},"branchMap":{"0":{"loc":{"start":{"line":10,"column":23},"end":{"line":10,"column":73}},"type":"binary-expr","locations":[{"start":{"line":10,"column":23},"end":{"line":10,"column":36}},{"start":{"line":10,"column":40},"end":{"line":10,"column":53}},{"start":{"line":10,"column":57},"end":{"line":10,"column":73}}],"line":10},"1":{"loc":{"start":{"line":18,"column":32},"end":{"line":18,"column":40}},"type":"default-arg","locations":[{"start":{"line":18,"column":38},"end":{"line":18,"column":40}}],"line":18},"2":{"loc":{"start":{"line":19,"column":24},"end":{"line":24,"column":39}},"type":"cond-expr","locations":[{"start":{"line":21,"column":8},"end":{"line":21,"column":19}},{"start":{"line":22,"column":9},"end":{"line":24,"column":38}}],"line":19},"3":{"loc":{"start":{"line":19,"column":24},"end":{"line":20,"column":15}},"type":"binary-expr","locations":[{"start":{"line":19,"column":24},"end":{"line":19,"column":25}},{"start":{"line":20,"column":4},"end":{"line":20,"column":15}}],"line":19},"4":{"loc":{"start":{"line":22,"column":9},"end":{"line":24,"column":38}},"type":"binary-expr","locations":[{"start":{"line":22,"column":9},"end":{"line":22,"column":30}},{"start":{"line":23,"column":9},"end":{"line":23,"column":32}},{"start":{"line":24,"column":10},"end":{"line":24,"column":22}},{"start":{"line":24,"column":26},"end":{"line":24,"column":37}}],"line":22}},"s":{"0":5,"1":0,"2":0,"3":0,"4":0},"f":{"0":0,"1":0,"2":0},"b":{"0":[0,0,0],"1":[0],"2":[0,0],"3":[0,0],"4":[0,0,0,0]},"_coverageSchema":"332fd63041d2c1bcb487cc26dd0d5f7d97098a6c","hash":"f70977f360d220f1d26b2bd06bf71bede2dfd600"}
,"/home/ms/Projects/nopa/src/app/client/containers/Statement/StatementPage.js": {"path":"/home/ms/Projects/nopa/src/app/client/containers/Statement/StatementPage.js","statementMap":{"0":{"start":{"line":25,"column":4},"end":{"line":27,"column":6}},"1":{"start":{"line":31,"column":4},"end":{"line":39,"column":6}},"2":{"start":{"line":43,"column":4},"end":{"line":43,"column":66}},"3":{"start":{"line":43,"column":38},"end":{"line":43,"column":66}},"4":{"start":{"line":44,"column":4},"end":{"line":67,"column":6}},"5":{"start":{"line":71,"column":0},"end":{"line":78,"column":2}},"6":{"start":{"line":80,"column":0},"end":{"line":85,"column":2}},"7":{"start":{"line":88,"column":50},"end":{"line":88,"column":94}},"8":{"start":{"line":89,"column":19},"end":{"line":89,"column":24}},"9":{"start":{"line":90,"column":19},"end":{"line":90,"column":24}},"10":{"start":{"line":91,"column":2},"end":{"line":96,"column":4}},"11":{"start":{"line":100,"column":2},"end":{"line":103,"column":4}}},"fnMap":{"0":{"name":"(anonymous_0)","decl":{"start":{"line":24,"column":2},"end":{"line":24,"column":3}},"loc":{"start":{"line":24,"column":18},"end":{"line":28,"column":3}},"line":24},"1":{"name":"(anonymous_1)","decl":{"start":{"line":30,"column":2},"end":{"line":30,"column":3}},"loc":{"start":{"line":30,"column":40},"end":{"line":40,"column":3}},"line":30},"2":{"name":"(anonymous_2)","decl":{"start":{"line":42,"column":2},"end":{"line":42,"column":3}},"loc":{"start":{"line":42,"column":11},"end":{"line":68,"column":3}},"line":42},"3":{"name":"mapStateToProps","decl":{"start":{"line":87,"column":9},"end":{"line":87,"column":24}},"loc":{"start":{"line":87,"column":32},"end":{"line":97,"column":1}},"line":87},"4":{"name":"mapDispatchToProps","decl":{"start":{"line":99,"column":9},"end":{"line":99,"column":27}},"loc":{"start":{"line":99,"column":38},"end":{"line":104,"column":1}},"line":99}},"branchMap":{"0":{"loc":{"start":{"line":43,"column":4},"end":{"line":43,"column":66}},"type":"if","locations":[{"start":{"line":43,"column":4},"end":{"line":43,"column":66}},{"start":{"line":43,"column":4},"end":{"line":43,"column":66}}],"line":43}},"s":{"0":0,"1":0,"2":0,"3":0,"4":0,"5":1,"6":1,"7":1,"8":1,"9":1,"10":1,"11":1},"f":{"0":0,"1":0,"2":0,"3":1,"4":1},"b":{"0":[0,0]},"_coverageSchema":"332fd63041d2c1bcb487cc26dd0d5f7d97098a6c","hash":"2ec33b786c879fb3a228d0408d0c8fa25e187c0a"}
,"/home/ms/Projects/nopa/src/app/client/redux/actions/actionTypes.js": {"path":"/home/ms/Projects/nopa/src/app/client/redux/actions/actionTypes.js","statementMap":{"0":{"start":{"line":1,"column":27},"end":{"line":1,"column":40}},"1":{"start":{"line":2,"column":26},"end":{"line":2,"column":38}},"2":{"start":{"line":3,"column":37},"end":{"line":3,"column":60}},"3":{"start":{"line":4,"column":27},"end":{"line":4,"column":40}},"4":{"start":{"line":5,"column":36},"end":{"line":5,"column":58}},"5":{"start":{"line":6,"column":34},"end":{"line":6,"column":54}},"6":{"start":{"line":8,"column":36},"end":{"line":8,"column":54}},"7":{"start":{"line":9,"column":36},"end":{"line":9,"column":54}},"8":{"start":{"line":10,"column":36},"end":{"line":10,"column":54}}},"fnMap":{},"branchMap":{},"s":{"0":5,"1":5,"2":5,"3":5,"4":5,"5":5,"6":5,"7":5,"8":5},"f":{},"b":{},"_coverageSchema":"332fd63041d2c1bcb487cc26dd0d5f7d97098a6c","hash":"7daea703faa2abe1ec644ba56a72c5d79c843d4a"}
,"/home/ms/Projects/nopa/src/app/client/redux/actions/bank.js": {"path":"/home/ms/Projects/nopa/src/app/client/redux/actions/bank.js","statementMap":{"0":{"start":{"line":13,"column":2},"end":{"line":16,"column":4}},"1":{"start":{"line":19,"column":2},"end":{"line":22,"column":4}},"2":{"start":{"line":29,"column":2},"end":{"line":35,"column":4}},"3":{"start":{"line":30,"column":4},"end":{"line":34,"column":9}},"4":{"start":{"line":31,"column":24},"end":{"line":31,"column":39}},"5":{"start":{"line":33,"column":8},"end":{"line":33,"column":48}}},"fnMap":{"0":{"name":"setChoosenBank","decl":{"start":{"line":12,"column":16},"end":{"line":12,"column":30}},"loc":{"start":{"line":12,"column":44},"end":{"line":17,"column":1}},"line":12},"1":{"name":"setTransactions","decl":{"start":{"line":18,"column":9},"end":{"line":18,"column":24}},"loc":{"start":{"line":18,"column":39},"end":{"line":23,"column":1}},"line":18},"2":{"name":"fetchTransactions","decl":{"start":{"line":28,"column":16},"end":{"line":28,"column":33}},"loc":{"start":{"line":28,"column":36},"end":{"line":36,"column":1}},"line":28},"3":{"name":"(anonymous_3)","decl":{"start":{"line":29,"column":9},"end":{"line":29,"column":10}},"loc":{"start":{"line":29,"column":23},"end":{"line":35,"column":3}},"line":29},"4":{"name":"(anonymous_4)","decl":{"start":{"line":31,"column":12},"end":{"line":31,"column":13}},"loc":{"start":{"line":31,"column":24},"end":{"line":31,"column":39}},"line":31},"5":{"name":"(anonymous_5)","decl":{"start":{"line":32,"column":12},"end":{"line":32,"column":13}},"loc":{"start":{"line":32,"column":30},"end":{"line":34,"column":7}},"line":32}},"branchMap":{},"s":{"0":0,"1":0,"2":0,"3":0,"4":0,"5":0},"f":{"0":0,"1":0,"2":0,"3":0,"4":0,"5":0},"b":{},"_coverageSchema":"332fd63041d2c1bcb487cc26dd0d5f7d97098a6c","hash":"65be85cdf48361d8227e02dd81c5eb5566f89d37"}
,"/home/ms/Projects/nopa/src/app/client/redux/actions/index.js": {"path":"/home/ms/Projects/nopa/src/app/client/redux/actions/index.js","statementMap":{},"fnMap":{},"branchMap":{},"s":{},"f":{},"b":{},"_coverageSchema":"332fd63041d2c1bcb487cc26dd0d5f7d97098a6c","hash":"d74bd077192971ceb95516a5086cce443201b518"}
,"/home/ms/Projects/nopa/src/app/client/redux/actions/user.js": {"path":"/home/ms/Projects/nopa/src/app/client/redux/actions/user.js","statementMap":{"0":{"start":{"line":7,"column":2},"end":{"line":10,"column":4}},"1":{"start":{"line":21,"column":2},"end":{"line":31,"column":4}},"2":{"start":{"line":22,"column":4},"end":{"line":30,"column":7}},"3":{"start":{"line":23,"column":6},"end":{"line":29,"column":7}},"4":{"start":{"line":24,"column":8},"end":{"line":24,"column":33}},"5":{"start":{"line":25,"column":8},"end":{"line":25,"column":38}},"6":{"start":{"line":26,"column":8},"end":{"line":26,"column":42}},"7":{"start":{"line":28,"column":8},"end":{"line":28,"column":41}},"8":{"start":{"line":39,"column":2},"end":{"line":41,"column":4}}},"fnMap":{"0":{"name":"saveUser","decl":{"start":{"line":6,"column":9},"end":{"line":6,"column":17}},"loc":{"start":{"line":6,"column":24},"end":{"line":11,"column":1}},"line":6},"1":{"name":"logInUser","decl":{"start":{"line":20,"column":16},"end":{"line":20,"column":25}},"loc":{"start":{"line":20,"column":32},"end":{"line":32,"column":1}},"line":20},"2":{"name":"(anonymous_2)","decl":{"start":{"line":21,"column":9},"end":{"line":21,"column":10}},"loc":{"start":{"line":21,"column":33},"end":{"line":31,"column":3}},"line":21},"3":{"name":"(anonymous_3)","decl":{"start":{"line":22,"column":15},"end":{"line":22,"column":16}},"loc":{"start":{"line":22,"column":33},"end":{"line":30,"column":5}},"line":22},"4":{"name":"logoutUser","decl":{"start":{"line":38,"column":16},"end":{"line":38,"column":26}},"loc":{"start":{"line":38,"column":29},"end":{"line":42,"column":1}},"line":38}},"branchMap":{"0":{"loc":{"start":{"line":23,"column":6},"end":{"line":29,"column":7}},"type":"if","locations":[{"start":{"line":23,"column":6},"end":{"line":29,"column":7}},{"start":{"line":23,"column":6},"end":{"line":29,"column":7}}],"line":23}},"s":{"0":0,"1":0,"2":0,"3":0,"4":0,"5":0,"6":0,"7":0,"8":0},"f":{"0":0,"1":0,"2":0,"3":0,"4":0},"b":{"0":[0,0]},"_coverageSchema":"332fd63041d2c1bcb487cc26dd0d5f7d97098a6c","hash":"e530f107ce88818cacc6d3067347e5d10c7dd8a8"}
,"/home/ms/Projects/nopa/src/app/client/redux/reducers/bank.js": {"path":"/home/ms/Projects/nopa/src/app/client/redux/reducers/bank.js","statementMap":{"0":{"start":{"line":6,"column":27},"end":{"line":6,"column":33}},"1":{"start":{"line":7,"column":2},"end":{"line":7,"column":39}},"2":{"start":{"line":10,"column":26},"end":{"line":10,"column":32}},"3":{"start":{"line":11,"column":2},"end":{"line":11,"column":35}},"4":{"start":{"line":15,"column":2},"end":{"line":22,"column":3}},"5":{"start":{"line":17,"column":6},"end":{"line":17,"column":43}},"6":{"start":{"line":19,"column":6},"end":{"line":19,"column":44}},"7":{"start":{"line":21,"column":6},"end":{"line":21,"column":19}},"8":{"start":{"line":26,"column":27},"end":{"line":26,"column":50}},"9":{"start":{"line":27,"column":30},"end":{"line":27,"column":52}},"10":{"start":{"line":28,"column":2},"end":{"line":28,"column":49}}},"fnMap":{"0":{"name":"setTransactions","decl":{"start":{"line":5,"column":9},"end":{"line":5,"column":24}},"loc":{"start":{"line":5,"column":40},"end":{"line":8,"column":1}},"line":5},"1":{"name":"setChoosenBank","decl":{"start":{"line":9,"column":9},"end":{"line":9,"column":23}},"loc":{"start":{"line":9,"column":39},"end":{"line":12,"column":1}},"line":9},"2":{"name":"bank","decl":{"start":{"line":14,"column":24},"end":{"line":14,"column":28}},"loc":{"start":{"line":14,"column":64},"end":{"line":23,"column":1}},"line":14},"3":{"name":"getTransactions","decl":{"start":{"line":25,"column":16},"end":{"line":25,"column":31}},"loc":{"start":{"line":25,"column":39},"end":{"line":29,"column":1}},"line":25}},"branchMap":{"0":{"loc":{"start":{"line":14,"column":29},"end":{"line":14,"column":54}},"type":"default-arg","locations":[{"start":{"line":14,"column":37},"end":{"line":14,"column":54}}],"line":14},"1":{"loc":{"start":{"line":15,"column":2},"end":{"line":22,"column":3}},"type":"switch","locations":[{"start":{"line":16,"column":4},"end":{"line":17,"column":43}},{"start":{"line":18,"column":4},"end":{"line":19,"column":44}},{"start":{"line":20,"column":4},"end":{"line":21,"column":19}}],"line":15}},"s":{"0":0,"1":0,"2":0,"3":0,"4":0,"5":0,"6":0,"7":0,"8":1,"9":1,"10":1},"f":{"0":0,"1":0,"2":0,"3":1},"b":{"0":[0],"1":[0,0,0]},"_coverageSchema":"332fd63041d2c1bcb487cc26dd0d5f7d97098a6c","hash":"0203155b7e3f9eb364f4b1b26589900ba27540cd"}
,"/home/ms/Projects/nopa/src/app/client/redux/reducers/initialState.js": {"path":"/home/ms/Projects/nopa/src/app/client/redux/reducers/initialState.js","statementMap":{},"fnMap":{},"branchMap":{},"s":{},"f":{},"b":{},"_coverageSchema":"332fd63041d2c1bcb487cc26dd0d5f7d97098a6c","hash":"26b4575b3d3bd5fe88c6a6e59774b2a943ce193e"}
,"/home/ms/Projects/nopa/src/app/utils/auth.js": {"path":"/home/ms/Projects/nopa/src/app/utils/auth.js","statementMap":{"0":{"start":{"line":1,"column":13},"end":{"line":6,"column":1}},"1":{"start":{"line":4,"column":4},"end":{"line":4,"column":19}}},"fnMap":{},"branchMap":{},"s":{"0":5,"1":0},"f":{},"b":{},"_coverageSchema":"332fd63041d2c1bcb487cc26dd0d5f7d97098a6c","hash":"196ecc0d28e4ecb822ef8ce8245cf73e59992ced"}
}
