TN:
SF:/home/ms/Projects/nopa/src/app/client/components/index.js
FNF:0
FNH:0
LF:0
LH:0
BRF:0
BRH:0
end_of_record
TN:
SF:/home/ms/Projects/nopa/src/app/client/components/BankListItem/BankListItem.js
FN:6,(anonymous_0)
FN:7,(anonymous_1)
FNF:2
FNH:1
FNDA:0,(anonymous_0)
FNDA:1,(anonymous_1)
DA:6,0
DA:8,1
DA:16,6
LF:3
LH:2
BRF:0
BRH:0
end_of_record
TN:
SF:/home/ms/Projects/nopa/src/app/client/components/Button/Button.js
FN:6,(anonymous_0)
FNF:1
FNH:0
FNDA:0,(anonymous_0)
DA:6,5
DA:7,0
DA:14,5
LF:3
LH:2
BRF:0
BRH:0
end_of_record
TN:
SF:/home/ms/Projects/nopa/src/app/client/components/Footer/Footer.js
FN:4,(anonymous_0)
FNF:1
FNH:0
FNDA:0,(anonymous_0)
DA:4,5
DA:5,0
LF:2
LH:1
BRF:0
BRH:0
end_of_record
TN:
SF:/home/ms/Projects/nopa/src/app/client/components/Header/Header.js
FN:12,(anonymous_0)
FN:44,mapStateToProps
FN:51,mapDispatchToProps
FNF:3
FNH:0
FNDA:0,(anonymous_0)
FNDA:0,mapStateToProps
FNDA:0,mapDispatchToProps
DA:12,5
DA:13,0
DA:24,0
DA:34,5
DA:40,5
DA:45,0
DA:46,0
DA:52,0
LF:8
LH:3
BRDA:13,0,0,0
BRDA:13,0,1,0
BRF:2
BRH:0
end_of_record
TN:
SF:/home/ms/Projects/nopa/src/app/client/components/Layout/Layout.js
FN:9,(anonymous_0)
FN:13,(anonymous_1)
FNF:2
FNH:0
FNDA:0,(anonymous_0)
FNDA:0,(anonymous_1)
DA:10,0
DA:14,0
DA:27,5
DA:35,5
LF:4
LH:2
BRF:0
BRH:0
end_of_record
TN:
SF:/home/ms/Projects/nopa/src/app/client/components/LoginForm/LoginForm.js
FN:7,(anonymous_0)
FN:59,(anonymous_1)
FN:76,(anonymous_2)
FNF:3
FNH:0
FNDA:0,(anonymous_0)
FNDA:0,(anonymous_1)
FNDA:0,(anonymous_2)
DA:7,5
DA:18,0
DA:59,0
DA:63,5
DA:74,5
LF:5
LH:3
BRDA:13,0,0,0
BRDA:22,1,0,0
BRDA:22,1,1,0
BRDA:30,2,0,0
BRDA:30,2,1,0
BRDA:38,3,0,0
BRDA:38,3,1,0
BRDA:46,4,0,0
BRDA:46,4,1,0
BRDA:54,5,0,0
BRDA:54,5,1,0
BRF:11
BRH:0
end_of_record
TN:
SF:/home/ms/Projects/nopa/src/app/client/components/Partners/Partners.js
FN:22,(anonymous_0)
FN:26,(anonymous_1)
FNF:2
FNH:1
FNDA:20,(anonymous_0)
FNDA:0,(anonymous_1)
DA:4,5
DA:22,5
DA:23,20
DA:26,5
DA:27,0
LF:5
LH:4
BRF:0
BRH:0
end_of_record
TN:
SF:/home/ms/Projects/nopa/src/app/client/components/Statement/AccDetails.js
FN:5,(anonymous_0)
FNF:1
FNH:0
FNDA:0,(anonymous_0)
DA:5,5
DA:6,0
DA:12,5
DA:19,5
LF:4
LH:3
BRF:0
BRH:0
end_of_record
TN:
SF:/home/ms/Projects/nopa/src/app/client/components/Statement/ListRow.js
FN:5,(anonymous_0)
FNF:1
FNH:0
FNDA:0,(anonymous_0)
DA:5,5
DA:6,0
DA:11,5
LF:3
LH:2
BRF:0
BRH:0
end_of_record
TN:
SF:/home/ms/Projects/nopa/src/app/client/components/Statement/ListView.js
FN:10,(anonymous_0)
FN:19,(anonymous_1)
FN:24,(anonymous_2)
FNF:3
FNH:0
FNDA:0,(anonymous_0)
FNDA:0,(anonymous_1)
FNDA:0,(anonymous_2)
DA:14,0
DA:15,0
DA:17,0
DA:20,0
DA:25,0
DA:33,5
DA:40,5
LF:7
LH:2
BRDA:14,0,0,0
BRDA:14,0,1,0
BRF:2
BRH:0
end_of_record
TN:
SF:/home/ms/Projects/nopa/src/app/client/components/TextInput/TextInput.js
FN:9,(anonymous_0)
FN:11,(anonymous_1)
FNF:2
FNH:0
FNDA:0,(anonymous_0)
FNDA:0,(anonymous_1)
DA:9,5
DA:11,5
DA:12,0
DA:26,5
DA:33,5
LF:5
LH:4
BRDA:9,0,0,0
BRDA:9,0,1,0
BRDA:18,1,0,0
BRDA:18,1,1,0
BRF:4
BRH:0
end_of_record
TN:
SF:/home/ms/Projects/nopa/src/app/client/constants/paths.js
FNF:0
FNH:0
DA:1,5
DA:2,5
DA:3,5
DA:4,5
LF:4
LH:4
BRF:0
BRH:0
end_of_record
TN:
SF:/home/ms/Projects/nopa/src/app/client/containers/ChooseBank/ChooseBankPage.js
FN:40,(anonymous_0)
FN:48,(anonymous_1)
FN:72,(anonymous_2)
FNF:3
FNH:2
FNDA:6,(anonymous_0)
FNDA:1,(anonymous_1)
FNDA:0,(anonymous_2)
DA:13,1
DA:41,6
DA:49,1
DA:67,1
DA:71,1
LF:5
LH:5
BRF:0
BRH:0
end_of_record
TN:
SF:/home/ms/Projects/nopa/src/app/client/containers/Error/ErrorPage.js
FN:18,(anonymous_0)
FN:23,(anonymous_1)
FN:33,(anonymous_2)
FNF:3
FNH:3
FNDA:1,(anonymous_0)
FNDA:1,(anonymous_1)
FNDA:1,(anonymous_2)
DA:5,1
DA:19,1
DA:20,1
DA:24,1
DA:25,1
DA:34,1
DA:42,1
LF:7
LH:7
BRDA:24,0,0,1
BRDA:24,0,1,0
BRF:2
BRH:1
end_of_record
TN:
SF:/home/ms/Projects/nopa/src/app/client/containers/Home/HomePage.js
FN:8,(anonymous_0)
FN:53,(anonymous_1)
FNF:2
FNH:1
FNDA:1,(anonymous_0)
FNDA:0,(anonymous_1)
DA:8,1
DA:9,1
DA:48,1
DA:52,1
LF:4
LH:4
BRF:0
BRH:0
end_of_record
TN:
SF:/home/ms/Projects/nopa/src/app/client/containers/Login/LoginPage.js
FN:9,(anonymous_0)
FN:10,(anonymous_1)
FN:11,(anonymous_2)
FN:12,(anonymous_3)
FN:24,(anonymous_4)
FN:24,(anonymous_5)
FN:28,(anonymous_6)
FN:30,(anonymous_7)
FN:37,(anonymous_8)
FN:49,(anonymous_9)
FN:71,(anonymous_10)
FNF:11
FNH:3
FNDA:0,(anonymous_0)
FNDA:0,(anonymous_1)
FNDA:0,(anonymous_2)
FNDA:1,(anonymous_3)
FNDA:0,(anonymous_4)
FNDA:0,(anonymous_5)
FNDA:0,(anonymous_6)
FNDA:0,(anonymous_7)
FNDA:1,(anonymous_8)
FNDA:1,(anonymous_9)
FNDA:0,(anonymous_10)
DA:9,1
DA:10,1
DA:11,1
DA:12,1
DA:14,1
DA:24,1
DA:25,1
DA:29,0
DA:31,0
DA:38,1
DA:39,1
DA:50,1
DA:66,1
DA:70,1
LF:14
LH:12
BRF:0
BRH:0
end_of_record
TN:
SF:/home/ms/Projects/nopa/src/app/client/containers/Login/Revalidation.js
FN:8,(anonymous_0)
FN:18,(anonymous_1)
FN:21,(anonymous_2)
FN:22,(anonymous_3)
FN:26,(anonymous_4)
FN:30,(anonymous_5)
FN:34,(anonymous_6)
FN:37,(anonymous_7)
FN:38,(anonymous_8)
FN:39,(anonymous_9)
FN:43,(anonymous_10)
FN:45,(anonymous_11)
FN:52,(anonymous_12)
FN:54,(anonymous_13)
FN:57,(anonymous_14)
FN:57,(anonymous_15)
FN:61,(anonymous_16)
FN:62,(anonymous_17)
FN:63,(anonymous_18)
FN:66,(anonymous_19)
FNF:20
FNH:2
FNDA:0,(anonymous_0)
FNDA:1,(anonymous_1)
FNDA:0,(anonymous_2)
FNDA:0,(anonymous_3)
FNDA:0,(anonymous_4)
FNDA:0,(anonymous_5)
FNDA:0,(anonymous_6)
FNDA:0,(anonymous_7)
FNDA:0,(anonymous_8)
FNDA:0,(anonymous_9)
FNDA:0,(anonymous_10)
FNDA:0,(anonymous_11)
FNDA:1,(anonymous_12)
FNDA:0,(anonymous_13)
FNDA:0,(anonymous_14)
FNDA:0,(anonymous_15)
FNDA:0,(anonymous_16)
FNDA:0,(anonymous_17)
FNDA:0,(anonymous_18)
FNDA:0,(anonymous_19)
DA:8,5
DA:9,0
DA:10,0
DA:11,0
DA:15,0
DA:18,5
DA:21,0
DA:23,0
DA:24,0
DA:27,0
DA:28,0
DA:31,0
DA:32,0
DA:34,0
DA:37,0
DA:38,0
DA:40,0
DA:41,0
DA:43,0
DA:46,0
DA:47,0
DA:52,1
DA:55,0
DA:56,0
DA:57,0
DA:58,0
DA:62,0
DA:63,0
DA:67,0
DA:68,0
DA:69,0
DA:78,1
DA:79,1
LF:33
LH:5
BRDA:11,0,0,0
BRDA:11,0,1,0
BRDA:20,1,0,1
BRDA:21,2,0,1
BRDA:36,3,0,1
BRDA:46,4,0,0
BRDA:46,4,1,0
BRDA:62,5,0,0
BRDA:78,6,0,1
BRDA:78,6,1,1
BRDA:78,6,2,0
BRF:11
BRH:5
end_of_record
TN:
SF:/home/ms/Projects/nopa/src/app/client/containers/Login/isValid.js
FN:10,(anonymous_0)
FN:18,isValid
FN:19,(anonymous_2)
FNF:3
FNH:0
FNDA:0,(anonymous_0)
FNDA:0,isValid
FNDA:0,(anonymous_2)
DA:10,5
DA:19,0
DA:28,0
LF:3
LH:1
BRDA:10,0,0,0
BRDA:10,0,1,0
BRDA:10,0,2,0
BRDA:18,1,0,0
BRDA:19,2,0,0
BRDA:19,2,1,0
BRDA:19,3,0,0
BRDA:19,3,1,0
BRDA:22,4,0,0
BRDA:22,4,1,0
BRDA:22,4,2,0
BRDA:22,4,3,0
BRF:12
BRH:0
end_of_record
TN:
SF:/home/ms/Projects/nopa/src/app/client/containers/Statement/StatementPage.js
FN:24,(anonymous_0)
FN:30,(anonymous_1)
FN:42,(anonymous_2)
FN:87,mapStateToProps
FN:99,mapDispatchToProps
FNF:5
FNH:2
FNDA:0,(anonymous_0)
FNDA:0,(anonymous_1)
FNDA:0,(anonymous_2)
FNDA:1,mapStateToProps
FNDA:1,mapDispatchToProps
DA:25,0
DA:31,0
DA:43,0
DA:44,0
DA:71,1
DA:80,1
DA:88,1
DA:89,1
DA:90,1
DA:91,1
DA:100,1
LF:11
LH:7
BRDA:43,0,0,0
BRDA:43,0,1,0
BRF:2
BRH:0
end_of_record
TN:
SF:/home/ms/Projects/nopa/src/app/client/redux/actions/actionTypes.js
FNF:0
FNH:0
DA:1,5
DA:2,5
DA:3,5
DA:4,5
DA:5,5
DA:6,5
DA:8,5
DA:9,5
DA:10,5
LF:9
LH:9
BRF:0
BRH:0
end_of_record
TN:
SF:/home/ms/Projects/nopa/src/app/client/redux/actions/bank.js
FN:12,setChoosenBank
FN:18,setTransactions
FN:28,fetchTransactions
FN:29,(anonymous_3)
FN:31,(anonymous_4)
FN:32,(anonymous_5)
FNF:6
FNH:0
FNDA:0,setChoosenBank
FNDA:0,setTransactions
FNDA:0,fetchTransactions
FNDA:0,(anonymous_3)
FNDA:0,(anonymous_4)
FNDA:0,(anonymous_5)
DA:13,0
DA:19,0
DA:29,0
DA:30,0
DA:31,0
DA:33,0
LF:6
LH:0
BRF:0
BRH:0
end_of_record
TN:
SF:/home/ms/Projects/nopa/src/app/client/redux/actions/index.js
FNF:0
FNH:0
LF:0
LH:0
BRF:0
BRH:0
end_of_record
TN:
SF:/home/ms/Projects/nopa/src/app/client/redux/actions/user.js
FN:6,saveUser
FN:20,logInUser
FN:21,(anonymous_2)
FN:22,(anonymous_3)
FN:38,logoutUser
FNF:5
FNH:0
FNDA:0,saveUser
FNDA:0,logInUser
FNDA:0,(anonymous_2)
FNDA:0,(anonymous_3)
FNDA:0,logoutUser
DA:7,0
DA:21,0
DA:22,0
DA:23,0
DA:24,0
DA:25,0
DA:26,0
DA:28,0
DA:39,0
LF:9
LH:0
BRDA:23,0,0,0
BRDA:23,0,1,0
BRF:2
BRH:0
end_of_record
TN:
SF:/home/ms/Projects/nopa/src/app/client/redux/reducers/bank.js
FN:5,setTransactions
FN:9,setChoosenBank
FN:14,bank
FN:25,getTransactions
FNF:4
FNH:1
FNDA:0,setTransactions
FNDA:0,setChoosenBank
FNDA:0,bank
FNDA:1,getTransactions
DA:6,0
DA:7,0
DA:10,0
DA:11,0
DA:15,0
DA:17,0
DA:19,0
DA:21,0
DA:26,1
DA:27,1
DA:28,1
LF:11
LH:3
BRDA:14,0,0,0
BRDA:15,1,0,0
BRDA:15,1,1,0
BRDA:15,1,2,0
BRF:4
BRH:0
end_of_record
TN:
SF:/home/ms/Projects/nopa/src/app/client/redux/reducers/initialState.js
FNF:0
FNH:0
LF:0
LH:0
BRF:0
BRH:0
end_of_record
TN:
SF:/home/ms/Projects/nopa/src/app/utils/auth.js
FNF:0
FNH:0
DA:1,5
DA:4,0
LF:2
LH:1
BRF:0
BRH:0
end_of_record
